<?xml version="1.0" encoding="UTF-8"?>
<testng-results skipped="0" failed="0" ignored="0" total="1" passed="1">
  <reporter-output>
  </reporter-output>
  <suite name="Default suite" duration-ms="2612" started-at="2018-10-21T05:58:03Z" finished-at="2018-10-21T05:58:06Z">
    <groups>
    </groups>
    <test name="Default test" duration-ms="2612" started-at="2018-10-21T05:58:03Z" finished-at="2018-10-21T05:58:06Z">
      <class name="ApiTest">
        <test-method status="PASS" signature="beforeClass()[pri:0, instance:ApiTest@e45f292]" name="beforeClass" is-config="true" duration-ms="12" started-at="2018-10-21T05:58:03Z" finished-at="2018-10-21T05:58:03Z">
          <reporter-output>
          </reporter-output>
        </test-method> <!-- beforeClass -->
        <test-method status="PASS" signature="apiScenarioTest()[pri:0, instance:ApiTest@e45f292]" name="apiScenarioTest" duration-ms="2584" started-at="2018-10-21T05:58:03Z" finished-at="2018-10-21T05:58:06Z">
          <reporter-output>
          </reporter-output>
        </test-method> <!-- apiScenarioTest -->
        <test-method status="PASS" signature="afterClass()[pri:0, instance:ApiTest@e45f292]" name="afterClass" is-config="true" duration-ms="0" started-at="2018-10-21T05:58:06Z" finished-at="2018-10-21T05:58:06Z">
          <reporter-output>
          </reporter-output>
        </test-method> <!-- afterClass -->
      </class> <!-- ApiTest -->
    </test> <!-- Default test -->
  </suite> <!-- Default suite -->
</testng-results>
